Build started 5/13/2015 12:54:54 PM.
     1>Project "D:\src\university\advanced programming\HW3_tom\HW3_tom\HW3_tom.vcxproj" on node 2 (Build target(s)).
     1>ClCompile:
         C:\Program Files (x86)\Microsoft Visual Studio 12.0\VC\bin\CL.exe /c /AI"C:\Program Files (x86)\Reference Assemblies\Microsoft\Framework\.NETFramework\v4.5\\" /AI"C:\Program Files (x86)\Windows Kits\8.1\References\CommonConfiguration\Neutral" /AI"C:\Program Files (x86)\Reference Assemblies\Microsoft\Framework\.NETFramework\v4.5\Facades\\" /Zi /clr /nologo /W3 /WX- /Od /Oy- /D WIN32 /D _DEBUG /D _UNICODE /D UNICODE /EHa /MDd /GS /fp:precise /Zc:wchar_t /Zc:forScope /Yu"stdafx.h" /Fp"Debug\HW3_tom.pch" /Fo"Debug\\" /Fd"Debug\vc120.pdb" /TP /FU"C:\Program Files (x86)\Reference Assemblies\Microsoft\Framework\.NETFramework\v4.5\mscorlib.dll" /FU"C:\Program Files (x86)\Reference Assemblies\Microsoft\Framework\.NETFramework\v4.5\System.Data.dll" /FU"C:\Program Files (x86)\Reference Assemblies\Microsoft\Framework\.NETFramework\v4.5\System.dll" /FU"C:\Program Files (x86)\Reference Assemblies\Microsoft\Framework\.NETFramework\v4.5\System.Xml.dll" /analyze- /errorReport:prompt /clr:nostdlib asciiIO_t.cpp binIO_t.cpp main.cpp virtIO_t.cpp
         asciiIO_t.cpp
     1>asciiIO_t.cpp(26): warning C4172: returning address of local variable or temporary
     1>asciiIO_t.cpp(27): warning C4172: returning address of local variable or temporary
     1>asciiIO_t.cpp(29): warning C4172: returning address of local variable or temporary
     1>asciiIO_t.cpp(30): warning C4172: returning address of local variable or temporary
     1>asciiIO_t.cpp(32): warning C4172: returning address of local variable or temporary
     1>asciiIO_t.cpp(33): warning C4172: returning address of local variable or temporary
     1>asciiIO_t.cpp(35): warning C4172: returning address of local variable or temporary
     1>asciiIO_t.cpp(36): warning C4172: returning address of local variable or temporary
     1>asciiIO_t.cpp(38): warning C4172: returning address of local variable or temporary
     1>asciiIO_t.cpp(39): warning C4172: returning address of local variable or temporary
     1>asciiIO_t.cpp(41): warning C4172: returning address of local variable or temporary
     1>asciiIO_t.cpp(42): warning C4172: returning address of local variable or temporary
     1>asciiIO_t.cpp(44): warning C4172: returning address of local variable or temporary
     1>asciiIO_t.cpp(45): warning C4172: returning address of local variable or temporary
     1>asciiIO_t.cpp(47): warning C4172: returning address of local variable or temporary
     1>asciiIO_t.cpp(48): warning C4172: returning address of local variable or temporary
     1>asciiIO_t.cpp(50): warning C4172: returning address of local variable or temporary
     1>asciiIO_t.cpp(51): warning C4172: returning address of local variable or temporary
     1>asciiIO_t.cpp(53): warning C4172: returning address of local variable or temporary
     1>asciiIO_t.cpp(54): warning C4172: returning address of local variable or temporary
     1>asciiIO_t.cpp(56): warning C4172: returning address of local variable or temporary
     1>asciiIO_t.cpp(57): warning C4172: returning address of local variable or temporary
         binIO_t.cpp
     1>d:\src\university\advanced programming\hw3_tom\hw3_tom\binIO_t.h(14): warning C4290: C++ exception specification ignored except to indicate a function is not __declspec(nothrow)
     1>d:\src\university\advanced programming\hw3_tom\hw3_tom\binIO_t.h(15): warning C4290: C++ exception specification ignored except to indicate a function is not __declspec(nothrow)
     1>d:\src\university\advanced programming\hw3_tom\hw3_tom\binIO_t.h(16): warning C4290: C++ exception specification ignored except to indicate a function is not __declspec(nothrow)
     1>d:\src\university\advanced programming\hw3_tom\hw3_tom\binIO_t.h(17): warning C4290: C++ exception specification ignored except to indicate a function is not __declspec(nothrow)
     1>d:\src\university\advanced programming\hw3_tom\hw3_tom\binIO_t.h(18): warning C4290: C++ exception specification ignored except to indicate a function is not __declspec(nothrow)
     1>d:\src\university\advanced programming\hw3_tom\hw3_tom\binIO_t.h(19): warning C4290: C++ exception specification ignored except to indicate a function is not __declspec(nothrow)
     1>d:\src\university\advanced programming\hw3_tom\hw3_tom\binIO_t.h(20): warning C4290: C++ exception specification ignored except to indicate a function is not __declspec(nothrow)
     1>d:\src\university\advanced programming\hw3_tom\hw3_tom\binIO_t.h(21): warning C4290: C++ exception specification ignored except to indicate a function is not __declspec(nothrow)
     1>d:\src\university\advanced programming\hw3_tom\hw3_tom\binIO_t.h(22): warning C4290: C++ exception specification ignored except to indicate a function is not __declspec(nothrow)
     1>d:\src\university\advanced programming\hw3_tom\hw3_tom\binIO_t.h(23): warning C4290: C++ exception specification ignored except to indicate a function is not __declspec(nothrow)
     1>d:\src\university\advanced programming\hw3_tom\hw3_tom\binIO_t.h(24): warning C4290: C++ exception specification ignored except to indicate a function is not __declspec(nothrow)
     1>d:\src\university\advanced programming\hw3_tom\hw3_tom\binIO_t.h(26): warning C4290: C++ exception specification ignored except to indicate a function is not __declspec(nothrow)
     1>d:\src\university\advanced programming\hw3_tom\hw3_tom\binIO_t.h(27): warning C4290: C++ exception specification ignored except to indicate a function is not __declspec(nothrow)
     1>d:\src\university\advanced programming\hw3_tom\hw3_tom\binIO_t.h(28): warning C4290: C++ exception specification ignored except to indicate a function is not __declspec(nothrow)
     1>d:\src\university\advanced programming\hw3_tom\hw3_tom\binIO_t.h(29): warning C4290: C++ exception specification ignored except to indicate a function is not __declspec(nothrow)
     1>d:\src\university\advanced programming\hw3_tom\hw3_tom\binIO_t.h(30): warning C4290: C++ exception specification ignored except to indicate a function is not __declspec(nothrow)
     1>d:\src\university\advanced programming\hw3_tom\hw3_tom\binIO_t.h(31): warning C4290: C++ exception specification ignored except to indicate a function is not __declspec(nothrow)
     1>d:\src\university\advanced programming\hw3_tom\hw3_tom\binIO_t.h(32): warning C4290: C++ exception specification ignored except to indicate a function is not __declspec(nothrow)
     1>d:\src\university\advanced programming\hw3_tom\hw3_tom\binIO_t.h(33): warning C4290: C++ exception specification ignored except to indicate a function is not __declspec(nothrow)
     1>d:\src\university\advanced programming\hw3_tom\hw3_tom\binIO_t.h(34): warning C4290: C++ exception specification ignored except to indicate a function is not __declspec(nothrow)
     1>d:\src\university\advanced programming\hw3_tom\hw3_tom\binIO_t.h(35): warning C4290: C++ exception specification ignored except to indicate a function is not __declspec(nothrow)
     1>d:\src\university\advanced programming\hw3_tom\hw3_tom\binIO_t.h(36): warning C4290: C++ exception specification ignored except to indicate a function is not __declspec(nothrow)
     1>d:\src\university\advanced programming\hw3_tom\hw3_tom\binIO_t.h(39): warning C4290: C++ exception specification ignored except to indicate a function is not __declspec(nothrow)
     1>d:\src\university\advanced programming\hw3_tom\hw3_tom\binIO_t.h(48): warning C4290: C++ exception specification ignored except to indicate a function is not __declspec(nothrow)
         main.cpp
     1>d:\src\university\advanced programming\hw3_tom\hw3_tom\binIO_t.h(14): warning C4290: C++ exception specification ignored except to indicate a function is not __declspec(nothrow)
     1>d:\src\university\advanced programming\hw3_tom\hw3_tom\binIO_t.h(15): warning C4290: C++ exception specification ignored except to indicate a function is not __declspec(nothrow)
     1>d:\src\university\advanced programming\hw3_tom\hw3_tom\binIO_t.h(16): warning C4290: C++ exception specification ignored except to indicate a function is not __declspec(nothrow)
     1>d:\src\university\advanced programming\hw3_tom\hw3_tom\binIO_t.h(17): warning C4290: C++ exception specification ignored except to indicate a function is not __declspec(nothrow)
     1>d:\src\university\advanced programming\hw3_tom\hw3_tom\binIO_t.h(18): warning C4290: C++ exception specification ignored except to indicate a function is not __declspec(nothrow)
     1>d:\src\university\advanced programming\hw3_tom\hw3_tom\binIO_t.h(19): warning C4290: C++ exception specification ignored except to indicate a function is not __declspec(nothrow)
     1>d:\src\university\advanced programming\hw3_tom\hw3_tom\binIO_t.h(20): warning C4290: C++ exception specification ignored except to indicate a function is not __declspec(nothrow)
     1>d:\src\university\advanced programming\hw3_tom\hw3_tom\binIO_t.h(21): warning C4290: C++ exception specification ignored except to indicate a function is not __declspec(nothrow)
     1>d:\src\university\advanced programming\hw3_tom\hw3_tom\binIO_t.h(22): warning C4290: C++ exception specification ignored except to indicate a function is not __declspec(nothrow)
     1>d:\src\university\advanced programming\hw3_tom\hw3_tom\binIO_t.h(23): warning C4290: C++ exception specification ignored except to indicate a function is not __declspec(nothrow)
     1>d:\src\university\advanced programming\hw3_tom\hw3_tom\binIO_t.h(24): warning C4290: C++ exception specification ignored except to indicate a function is not __declspec(nothrow)
     1>d:\src\university\advanced programming\hw3_tom\hw3_tom\binIO_t.h(26): warning C4290: C++ exception specification ignored except to indicate a function is not __declspec(nothrow)
     1>d:\src\university\advanced programming\hw3_tom\hw3_tom\binIO_t.h(27): warning C4290: C++ exception specification ignored except to indicate a function is not __declspec(nothrow)
     1>d:\src\university\advanced programming\hw3_tom\hw3_tom\binIO_t.h(28): warning C4290: C++ exception specification ignored except to indicate a function is not __declspec(nothrow)
     1>d:\src\university\advanced programming\hw3_tom\hw3_tom\binIO_t.h(29): warning C4290: C++ exception specification ignored except to indicate a function is not __declspec(nothrow)
     1>d:\src\university\advanced programming\hw3_tom\hw3_tom\binIO_t.h(30): warning C4290: C++ exception specification ignored except to indicate a function is not __declspec(nothrow)
     1>d:\src\university\advanced programming\hw3_tom\hw3_tom\binIO_t.h(31): warning C4290: C++ exception specification ignored except to indicate a function is not __declspec(nothrow)
     1>d:\src\university\advanced programming\hw3_tom\hw3_tom\binIO_t.h(32): warning C4290: C++ exception specification ignored except to indicate a function is not __declspec(nothrow)
     1>d:\src\university\advanced programming\hw3_tom\hw3_tom\binIO_t.h(33): warning C4290: C++ exception specification ignored except to indicate a function is not __declspec(nothrow)
     1>d:\src\university\advanced programming\hw3_tom\hw3_tom\binIO_t.h(34): warning C4290: C++ exception specification ignored except to indicate a function is not __declspec(nothrow)
     1>d:\src\university\advanced programming\hw3_tom\hw3_tom\binIO_t.h(35): warning C4290: C++ exception specification ignored except to indicate a function is not __declspec(nothrow)
     1>d:\src\university\advanced programming\hw3_tom\hw3_tom\binIO_t.h(36): warning C4290: C++ exception specification ignored except to indicate a function is not __declspec(nothrow)
     1>d:\src\university\advanced programming\hw3_tom\hw3_tom\binIO_t.h(39): warning C4290: C++ exception specification ignored except to indicate a function is not __declspec(nothrow)
     1>d:\src\university\advanced programming\hw3_tom\hw3_tom\binIO_t.h(48): warning C4290: C++ exception specification ignored except to indicate a function is not __declspec(nothrow)
         virtIO_t.cpp
         Generating Code...
         C:\Program Files (x86)\Microsoft Visual Studio 12.0\VC\bin\CL.exe /c /Zi /clr /nologo /W3 /WX- /Od /Oy- /D WIN32 /D _DEBUG /D _UNICODE /D UNICODE /EHa /MDd /GS /fp:precise /Zc:wchar_t /Zc:forScope /Fo"Debug\\" /Fd"Debug\vc120.pdb" /TP /analyze- /errorReport:prompt "C:\Users\Eliraz\AppData\Local\Temp\.NETFramework,Version=v4.5.AssemblyAttributes.cpp"
         .NETFramework,Version=v4.5.AssemblyAttributes.cpp
       ResourceCompile:
         C:\Program Files (x86)\Windows Kits\8.1\bin\x86\rc.exe /D _UNICODE /D UNICODE /l"0x0409" /nologo /fo"Debug\app.res" app.rc 
       Link:
         C:\Program Files (x86)\Microsoft Visual Studio 12.0\VC\bin\link.exe /ERRORREPORT:PROMPT /OUT:"D:\src\university\advanced programming\HW3_tom\Debug\HW3_tom.exe" /INCREMENTAL /NOLOGO /MANIFEST /MANIFESTUAC:"level='asInvoker' uiAccess='false'" /manifest:embed /DEBUG /PDB:"D:\src\university\advanced programming\HW3_tom\Debug\HW3_tom.pdb" /ASSEMBLYDEBUG /SUBSYSTEM:CONSOLE /TLBID:1 /DYNAMICBASE /FIXED:NO /NXCOMPAT /MACHINE:X86 Debug\app.res
         Debug\asciiIO_t.obj
         Debug\AssemblyInfo.obj
         Debug\binIO_t.obj
         Debug\main.obj
         Debug\stdafx.obj
         Debug\virtIO_t.obj
         "Debug\.NETFramework,Version=v4.5.AssemblyAttributes.obj"
         HW3_tom.vcxproj -> D:\src\university\advanced programming\HW3_tom\Debug\HW3_tom.exe
     1>Done Building Project "D:\src\university\advanced programming\HW3_tom\HW3_tom\HW3_tom.vcxproj" (Build target(s)).

Build succeeded.

Time Elapsed 00:00:07.68
